2018-05-11 16:50:12 [scrapy.middleware] INFO: Enabled extensions:
['scrapy.extensions.telnet.TelnetConsole',
 'scrapy.extensions.corestats.CoreStats',
 'scrapy.extensions.logstats.LogStats',
 'scrapy.extensions.memusage.MemoryUsage']
2018-05-11 16:50:12 [scrapy.middleware] INFO: Enabled downloader middlewares:
['scrapy.downloadermiddlewares.robotstxt.RobotsTxtMiddleware',
 'scrapy.downloadermiddlewares.httpauth.HttpAuthMiddleware',
 'scrapy.downloadermiddlewares.downloadtimeout.DownloadTimeoutMiddleware',
 'scrapy.downloadermiddlewares.defaultheaders.DefaultHeadersMiddleware',
 'scrapy.downloadermiddlewares.useragent.UserAgentMiddleware',
 'scrapy.downloadermiddlewares.retry.RetryMiddleware',
 'scrapy.downloadermiddlewares.redirect.MetaRefreshMiddleware',
 'scrapy.downloadermiddlewares.httpcompression.HttpCompressionMiddleware',
 'scrapy.downloadermiddlewares.redirect.RedirectMiddleware',
 'scrapy.downloadermiddlewares.cookies.CookiesMiddleware',
 'scrapy.downloadermiddlewares.httpproxy.HttpProxyMiddleware',
 'scrapy.downloadermiddlewares.stats.DownloaderStats']
2018-05-11 16:50:12 [scrapy.middleware] INFO: Enabled spider middlewares:
['scrapy.spidermiddlewares.httperror.HttpErrorMiddleware',
 'scrapy.spidermiddlewares.offsite.OffsiteMiddleware',
 'scrapy.spidermiddlewares.referer.RefererMiddleware',
 'scrapy.spidermiddlewares.urllength.UrlLengthMiddleware',
 'scrapy.spidermiddlewares.depth.DepthMiddleware']
2018-05-11 16:50:12 [scrapy.middleware] INFO: Enabled item pipelines:
['xueqiu.pipelines.XueqiuPipeline']
2018-05-11 16:50:12 [scrapy.core.engine] INFO: Spider opened
2018-05-11 16:50:12 [scrapy.extensions.logstats] INFO: Crawled 0 pages (at 0 pages/min), scraped 0 items (at 0 items/min)
2018-05-11 16:50:12 [scrapy.extensions.telnet] DEBUG: Telnet console listening on 127.0.0.1:6023
2018-05-11 16:50:13 [scrapy.core.engine] DEBUG: Crawled (404) <GET http://quotes.toscrape.com/robots.txt> (referer: None)
2018-05-11 16:50:13 [scrapy.core.engine] DEBUG: Crawled (200) <GET http://quotes.toscrape.com/tag/humor/> (referer: None)
2018-05-11 16:50:13 [scrapy.core.engine] DEBUG: Crawled (200) <GET http://quotes.toscrape.com/tag/humor/page/2/> (referer: http://quotes.toscrape.com/tag/humor/)
2018-05-11 16:50:14 [scrapy.core.engine] INFO: Closing spider (finished)
2018-05-11 16:50:14 [scrapy.statscollectors] INFO: Dumping Scrapy stats:
{'downloader/request_bytes': 700,
 'downloader/request_count': 3,
 'downloader/request_method_count/GET': 3,
 'downloader/response_bytes': 4093,
 'downloader/response_count': 3,
 'downloader/response_status_count/200': 2,
 'downloader/response_status_count/404': 1,
 'finish_reason': 'finished',
 'finish_time': datetime.datetime(2018, 5, 11, 8, 50, 14, 92107),
 'log_count/DEBUG': 4,
 'log_count/INFO': 7,
 'memusage/max': 66510848,
 'memusage/startup': 66510848,
 'request_depth_max': 1,
 'response_received_count': 3,
 'scheduler/dequeued': 2,
 'scheduler/dequeued/memory': 2,
 'scheduler/enqueued': 2,
 'scheduler/enqueued/memory': 2,
 'start_time': datetime.datetime(2018, 5, 11, 8, 50, 12, 570416)}
2018-05-11 16:50:14 [scrapy.core.engine] INFO: Spider closed (finished)
2018-05-11 16:59:58 [scrapy.middleware] INFO: Enabled extensions:
['scrapy.extensions.corestats.CoreStats',
 'scrapy.extensions.memusage.MemoryUsage',
 'scrapy.extensions.logstats.LogStats',
 'scrapy.extensions.telnet.TelnetConsole']
2018-05-11 16:59:58 [scrapy.middleware] INFO: Enabled downloader middlewares:
['scrapy.downloadermiddlewares.robotstxt.RobotsTxtMiddleware',
 'scrapy.downloadermiddlewares.httpauth.HttpAuthMiddleware',
 'scrapy.downloadermiddlewares.downloadtimeout.DownloadTimeoutMiddleware',
 'scrapy.downloadermiddlewares.defaultheaders.DefaultHeadersMiddleware',
 'scrapy.downloadermiddlewares.useragent.UserAgentMiddleware',
 'scrapy.downloadermiddlewares.retry.RetryMiddleware',
 'scrapy.downloadermiddlewares.redirect.MetaRefreshMiddleware',
 'scrapy.downloadermiddlewares.httpcompression.HttpCompressionMiddleware',
 'scrapy.downloadermiddlewares.redirect.RedirectMiddleware',
 'scrapy.downloadermiddlewares.cookies.CookiesMiddleware',
 'scrapy.downloadermiddlewares.httpproxy.HttpProxyMiddleware',
 'scrapy.downloadermiddlewares.stats.DownloaderStats']
2018-05-11 16:59:58 [scrapy.middleware] INFO: Enabled spider middlewares:
['scrapy.spidermiddlewares.httperror.HttpErrorMiddleware',
 'scrapy.spidermiddlewares.offsite.OffsiteMiddleware',
 'scrapy.spidermiddlewares.referer.RefererMiddleware',
 'scrapy.spidermiddlewares.urllength.UrlLengthMiddleware',
 'scrapy.spidermiddlewares.depth.DepthMiddleware']
2018-05-11 16:59:58 [scrapy.middleware] INFO: Enabled item pipelines:
['xueqiu.pipelines.XueqiuPipeline']
2018-05-11 16:59:58 [scrapy.core.engine] INFO: Spider opened
2018-05-11 16:59:58 [scrapy.extensions.logstats] INFO: Crawled 0 pages (at 0 pages/min), scraped 0 items (at 0 items/min)
2018-05-11 16:59:58 [scrapy.extensions.telnet] DEBUG: Telnet console listening on 127.0.0.1:6023
2018-05-11 16:59:59 [scrapy.core.engine] DEBUG: Crawled (404) <GET http://quotes.toscrape.com/robots.txt> (referer: None)
2018-05-11 17:00:00 [scrapy.core.engine] DEBUG: Crawled (200) <GET http://quotes.toscrape.com/tag/humor/> (referer: None)
2018-05-11 17:00:00 [scrapy.core.engine] INFO: Closing spider (finished)
2018-05-11 17:00:00 [scrapy.statscollectors] INFO: Dumping Scrapy stats:
{'downloader/request_bytes': 430,
 'downloader/request_count': 2,
 'downloader/request_method_count/GET': 2,
 'downloader/response_bytes': 2695,
 'downloader/response_count': 2,
 'downloader/response_status_count/200': 1,
 'downloader/response_status_count/404': 1,
 'finish_reason': 'finished',
 'finish_time': datetime.datetime(2018, 5, 11, 9, 0, 0, 292894),
 'log_count/DEBUG': 3,
 'log_count/INFO': 7,
 'memusage/max': 66457600,
 'memusage/startup': 66457600,
 'response_received_count': 2,
 'scheduler/dequeued': 1,
 'scheduler/dequeued/memory': 1,
 'scheduler/enqueued': 1,
 'scheduler/enqueued/memory': 1,
 'start_time': datetime.datetime(2018, 5, 11, 8, 59, 58, 421420)}
2018-05-11 17:00:00 [scrapy.core.engine] INFO: Spider closed (finished)
2018-05-11 17:02:27 [scrapy.middleware] INFO: Enabled extensions:
['scrapy.extensions.memusage.MemoryUsage',
 'scrapy.extensions.telnet.TelnetConsole',
 'scrapy.extensions.corestats.CoreStats',
 'scrapy.extensions.logstats.LogStats']
2018-05-11 17:02:27 [scrapy.middleware] INFO: Enabled downloader middlewares:
['scrapy.downloadermiddlewares.robotstxt.RobotsTxtMiddleware',
 'scrapy.downloadermiddlewares.httpauth.HttpAuthMiddleware',
 'scrapy.downloadermiddlewares.downloadtimeout.DownloadTimeoutMiddleware',
 'scrapy.downloadermiddlewares.defaultheaders.DefaultHeadersMiddleware',
 'scrapy.downloadermiddlewares.useragent.UserAgentMiddleware',
 'scrapy.downloadermiddlewares.retry.RetryMiddleware',
 'scrapy.downloadermiddlewares.redirect.MetaRefreshMiddleware',
 'scrapy.downloadermiddlewares.httpcompression.HttpCompressionMiddleware',
 'scrapy.downloadermiddlewares.redirect.RedirectMiddleware',
 'scrapy.downloadermiddlewares.cookies.CookiesMiddleware',
 'scrapy.downloadermiddlewares.httpproxy.HttpProxyMiddleware',
 'scrapy.downloadermiddlewares.stats.DownloaderStats']
2018-05-11 17:02:27 [scrapy.middleware] INFO: Enabled spider middlewares:
['scrapy.spidermiddlewares.httperror.HttpErrorMiddleware',
 'scrapy.spidermiddlewares.offsite.OffsiteMiddleware',
 'scrapy.spidermiddlewares.referer.RefererMiddleware',
 'scrapy.spidermiddlewares.urllength.UrlLengthMiddleware',
 'scrapy.spidermiddlewares.depth.DepthMiddleware']
2018-05-11 17:02:27 [scrapy.middleware] INFO: Enabled item pipelines:
['xueqiu.pipelines.XueqiuPipeline']
2018-05-11 17:02:27 [scrapy.core.engine] INFO: Spider opened
2018-05-11 17:02:27 [scrapy.extensions.logstats] INFO: Crawled 0 pages (at 0 pages/min), scraped 0 items (at 0 items/min)
2018-05-11 17:02:27 [scrapy.extensions.telnet] DEBUG: Telnet console listening on 127.0.0.1:6023
2018-05-11 17:02:28 [scrapy.core.engine] DEBUG: Crawled (404) <GET http://quotes.toscrape.com/robots.txt> (referer: None)
2018-05-11 17:02:28 [scrapy.core.engine] DEBUG: Crawled (200) <GET http://quotes.toscrape.com/tag/humor/> (referer: None)
2018-05-11 17:02:28 [scrapy.core.engine] INFO: Closing spider (finished)
2018-05-11 17:02:28 [scrapy.statscollectors] INFO: Dumping Scrapy stats:
{'downloader/request_bytes': 430,
 'downloader/request_count': 2,
 'downloader/request_method_count/GET': 2,
 'downloader/response_bytes': 2695,
 'downloader/response_count': 2,
 'downloader/response_status_count/200': 1,
 'downloader/response_status_count/404': 1,
 'finish_reason': 'finished',
 'finish_time': datetime.datetime(2018, 5, 11, 9, 2, 28, 866499),
 'log_count/DEBUG': 3,
 'log_count/INFO': 7,
 'memusage/max': 66433024,
 'memusage/startup': 66433024,
 'response_received_count': 2,
 'scheduler/dequeued': 1,
 'scheduler/dequeued/memory': 1,
 'scheduler/enqueued': 1,
 'scheduler/enqueued/memory': 1,
 'start_time': datetime.datetime(2018, 5, 11, 9, 2, 27, 642416)}
2018-05-11 17:02:28 [scrapy.core.engine] INFO: Spider closed (finished)
